-1
-1
-1
-1
-1
-1
-1
-1
-1
-1
-1
-1
-1
-1
-1
-1
-1
-1
-1
-1
-1
-1
-1
-1
-1
-1
-1
-1
-1
-1
2205
1976
-1
-1
1977
-1
-1
-1
-1
-1
-1
-1
-1
-1
-1
-1
-1
-1
-1
-1
-1
-1
-1
-1
-1
1967
-1
-1
-1
1971
-1
-1
1972
1975
-1
-1
-1
-1
-1
-1
-1
-1
-1
-1
-1
-1
-1
1966
1980
-1
-1
2206
-1
-1
-1
1972
-1
-1
-1
-1
-1
-1
-1
-1
-1
-1
-1
-1
-1
-1
-1
-1
-1
-1
-1
-1
-1
1983
2205
1973
-1
2016
-1
-1
-1
1972
-1
-1
1976
-1
1983
2016
-1
-1
-1
-1
-1
1970
2016
-1
-1
1964
-1
-1
-1
1969
1967
2016
-1
-1
-1
-1
-1
-1
-1
1983
-1
2016
2205
-1
-1
-1
-1
1968
-1
-1
-1
-1
-1
1963
-1
-1
1976
2205
1983
-1
2016
-1
-1
-1
1977
1964
-1
-1
-1
-1
-1
-1
-1
-1
-1
-1
-1
-1
-1
-1
-1
1969
1974
1976
-1
-1
-1
-1
-1
-1
-1
-1
-1
-1
-1
-1
-1
-1
-1
-1
-1
-1
-1
-1
-1
-1
-1
-1
-1
-1
1977
-1
-1
-1
-1
-1
-1
-1
1533
-1
2205
1969
1533
2206
1967
1967
1971
1983
1967
-1
-1
-1
1979
1973
1962
-1
-1
-1
1979
-1
-1
-1
-1
-1
2205
-1
1964
1975
-1
2207
1983
2204
-1
-1
-1
-1
-1
-1
1997
-1
-1
1983
1975
2205
-1
1963
-1
1965
-1
-1
-1
1983
1998
1997
1979
-1
1983
2205
-1
1976
1968
-1
-1
2205
1998
1978
-1
-1
-1
-1
-1
-1
-1
-1
1968
-1
-1
-1
-1
1967
1983
1980
1966
-1
-1
-1
-1
-1
2016
1980
2205
-1
1980
-1
1980
-1
-1
-1
1988
-1
-1
-1
-1
-1
-1
-1
1976
-1
-1
-1
1972
-1
-1
-1
1981
-1
-1
-1
1963
-1
-1
-1
1997
-1
-1
-1
1967
-1
-1
-1
1966
-1
-1
-1
2204
-1
-1
-1
1966
-1
-1
-1
1981
-1
-1
-1
1979
-1
-1
-1
1966
-1
-1
-1
1979
-1
-1
-1
2204
-1
-1
-1
1977
-1
-1
-1
1971
-1
-1
-1
1989
-1
-1
-1
2204
-1
-1
-1
2204
-1
-1
-1
1978
-1
-1
-1
1989
-1
-1
-1
1962
-1
-1
-1
1973
-1
-1
-1
1997
-1
-1
-1
1990
-1
-1
-1
1971
-1
-1
-1
1978
-1
-1
-1
1990
-1
-1
-1
1990
-1
-1
-1
1990
-1
-1
-1
1989
-1
-1
-1
1990
-1
-1
-1
2204
-1
-1
-1
1991
-1
-1
-1
1991
-1
-1
-1
1991
-1
-1
-1
1991
-1
-1
-1
1991
-1
-1
-1
1991
-1
-1
-1
1991
-1
-1
-1
1992
-1
-1
-1
1992
-1
-1
-1
1992
-1
-1
-1
2204
-1
-1
-1
1992
-1
-1
-1
1992
-1
-1
-1
1990
-1
-1
-1
1992
-1
-1
-1
1991
-1
-1
-1
1993
-1
-1
-1
1993
-1
-1
-1
1992
-1
-1
-1
2204
-1
-1
-1
1993
-1
-1
-1
1992
-1
-1
-1
1993
-1
-1
-1
1994
-1
-1
-1
1994
-1
-1
-1
1990
-1
-1
-1
1993
-1
-1
-1
1993
-1
1995
1995
1994
1993
-1
-1
-1
-1
-1
-1
-1
-1
-1
1994
-1
-1
-1
1989
-1
-1
-1
1995
1989
-1
-1
-1
-1
-1
-1
1996
1995
1995
1996
-1
-1
1995
1994
1994
-1
-1
-1
-1
-1
-1
-1
-1
-1
-1
-1
-1
-1
-1
-1
-1
-1
1989
1997
-1
1996
-1
-1
1989
-1
-1
-1
-1
-1
-1
-1
-1
-1
-1
-1
-1
-1
-1
-1
-1
-1
1994
1993
-1
-1
-1
-1
-1
-1
-1
-1
-1
-1
-1
1997
-1
1996
-1
-1
-1
-1
-1
-1
-1
-1
-1
1996
-1
-1
-1
-1
-1
-1
-1
-1
1990
-1
-1
-1
1996
-1
-1
1979
-1
-1
-1
-1
-1
1968
-1
-1
-1
-1
1996
2203
-1
1996
-1
-1
-1
-1
-1
-1
-1
1997
1997
1980
-1
-1
-1
-1
-1
-1
-1
-1
-1
-1
-1
1971
-1
-1
-1
-1
-1
-1
-1
-1
-1
-1
-1
1997
-1
-1
-1
-1
-1
-1
-1
-1
-1
-1
-1
-1
-1
-1
-1
-1
-1
-1
-1
-1
-1
-1
-1
-1
-1
-1
-1
-1
-1
-1
-1
1979
-1
-1
-1
-1
-1
-1
-1
-1
-1
-1
-1
-1
-1
1994
2208
1966
-1
-1
-1
-1
2204
1989
-1
-1
-1
-1
-1
-1
-1
-1
-1
-1
1997
2208
-1
-1
-1
1997
-1
-1
-1
2203
-1
1975
1979
2203
-1
-1
1997
1968
1995
1997
1963
2203
1989
-1
1989
1973
-1
-1
1977
-1
-1
-1
1980
-1
-1
-1
-1
-1
-1
1963
-1
1979
1962
-1
2204
-1
-1
-1
-1
1968
-1
1969
-1
1970
1865
1980
-1
-1
-1
-1
-1
-1
-1
2204
-1
-1
1970
-1
-1
-1
-1
-1
-1
1979
-1
-1
-1
-1
-1
-1
-1
1976
-1
-1
-1
2204
2204
1983
-1
1865
-1
-1
-1
-1
-1
1997
2208
-1
1973
-1
-1
1989
-1
-1
-1
-1
-1
-1
-1
-1
-1
2208
2208
-1
-1
-1
2204
-1
-1
1968
-1
-1
-1
-1
-1
-1
-1
-1
-1
-1
-1
-1
-1
-1
-1
-1
-1
-1
1980
2213
-1
2204
-1
-1
1962
1967
-1
1989
-1
-1
-1
-1
-1
2208
1977
-1
-1
-1
-1
-1
-1
-1
-1
-1
-1
-1
1967
-1
-1
1997
1979
2204
-1
-1
-1
1995
-1
-1
1973
-1
-1
-1
-1
-1
-1
2208
2208
-1
1980
2204
-1
-1
-1
-1
-1
-1
-1
-1
-1
-1
-1
-1
-1
-1
2205
1966
-1
-1
-1
-1
-1
-1
-1
-1
-1
1968
-1
-1
-1
-1
-1
-1
-1
-1
-1
-1
-1
-1
-1
-1
-1
-1
-1
2208
-1
-1
-1
-1
-1
-1
-1
-1
-1
-1
-1
-1
-1
-1
-1
-1
-1
-1
-1
-1
-1
-1
-1
-1
-1
-1
-1
-1
1544
-1
-1
1988
-1
-1
-1
-1
-1
-1
-1
-1
1970
-1
1983
-1
-1
-1
-1
-1
-1
-1
-1
-1
-1
-1
-1
-1
-1
-1
1994
-1
1998
-1
-1
-1
1548
1548
-1
-1
-1
-1
-1
1979
-1
1976
-1
-1
-1
1972
-1
-1
-1
-1
-1
1533
-1
-1
-1
1964
1989
-1
-1
-1
-1
1976
-1
-1
-1
-1
1981
1533
-1
-1
-1
1533
-1
-1
-1
-1
-1
-1
1980
-1
-1
-1
-1
1967
-1
-1
-1
-1
1998
1983
2209
1969
-1
-1
1989
2208
-1
1968
-1
1969
2209
-1
-1
-1
-1
-1
-1
1966
1983
-1
-1
-1
-1
-1
1979
-1
-1
-1
1978
-1
-1
-1
-1
-1
-1
-1
-1
-1
-1
-1
-1
-1
-1
-1
-1
1533
-1
1984
1984
-1
1980
-1
-1
-1
1989
-1
-1
-1
2016
1979
2016
1968
2205
2016
1962
-1
1972
2207
-1
-1
1979
-1
-1
-1
-1
-1
-1
-1
1963
-1
-1
-1
1974
1968
1963
2198
-1
-1
-1
-1
-1
-1
-1
-1
-1
-1
-1
-1
-1
-1
-1
-1
-1
-1
-1
-1
-1
-1
-1
-1
-1
-1
-1
-1
-1
-1
-1
-1
-1
-1
-1
-1
-1
-1
-1
-1
1974
1962
-1
1971
-1
-1
-1
1983
2205
1967
-1
2199
-1
1977
1976
-1
1977
-1
-1
-1
-1
2205
-1
-1
-1
1964
1979
-1
-1
-1
-1
-1
1967
-1
-1
-1
-1
-1
1998
2198
-1
-1
1970
-1
2205
1963
-1
2203
1974
-1
-1
-1
2204
1972
2198
-1
-1
-1
-1
-1
-1
-1
-1
-1
-1
-1
2204
1530
-1
-1
-1
-1
-1
-1
2203
-1
-1
-1
-1
-1
-1
-1
-1
-1
1861
-1
-1
-1
-1
-1
-1
-1
-1
-1
-1
-1
2204
-1
-1
2205
2203
-1
-1
-1
-1
-1
-1
-1
2198
-1
-1
-1
-1
-1
-1
-1
-1
-1
-1
-1
-1
-1
-1
-1
-1
-1
-1
-1
-1
-1
-1
-1
-1
-1
-1
-1
-1
-1
-1
-1
-1
-1
-1
-1
-1
-1
-1
1964
-1
-1
1975
-1
-1
-1
-1
-1
-1
-1
-1
2198
-1
-1
-1
-1
-1
-1
-1
-1
-1
1973
-1
-1
-1
-1
-1
-1
-1
-1
-1
-1
1975
-1
-1
-1
-1
-1
-1
-1
-1
-1
-1
-1
-1
-1
-1
-1
-1
-1
-1
-1
-1
-1
-1
-1
-1
-1
-1
-1
-1
-1
-1
-1
-1
-1
-1
-1
-1
-1
-1
-1
-1
-1
-1
-1
-1
-1
-1
-1
-1
-1
-1
-1
-1
-1
-1
-1
-1
-1
-1
-1
-1
-1
-1
-1
-1
-1
-1
-1
-1
-1
-1
-1
-1
-1
-1
-1
-1
-1
-1
-1
-1
-1
-1
-1
-1
-1
-1
-1
-1
-1
-1
-1
-1
-1
-1
-1
-1
-1
-1
-1
-1
-1
-1
-1
-1
-1
-1
-1
-1
-1
-1
-1
-1
-1
-1
-1
-1
-1
-1
-1
-1
-1
-1
-1
-1
-1
-1
-1
-1
-1
-1
-1
-1
-1
-1
-1
-1
-1
-1
-1
-1
-1
-1
-1
-1
-1
-1
-1
-1
-1
-1
-1
-1
-1
-1
-1
-1
-1
-1
-1
-1
-1
-1
-1
-1
-1
-1
-1
-1
-1
-1
-1
-1
-1
-1
-1
-1
-1
-1
-1
-1
-1
-1
-1
-1
-1
-1
-1
-1
-1
-1
-1
-1
-1
-1
-1
-1
-1
-1
-1
-1
-1
-1
-1
-1
-1
-1
-1
-1
-1
-1
-1
-1
-1
-1
-1
-1
-1
-1
-1
-1
-1
-1
-1
-1
-1
-1
-1
-1
-1
-1
-1
-1
-1
-1
-1
-1
-1
-1
-1
-1
-1
-1
-1
-1
-1
-1
-1
-1
-1
-1
-1
-1
-1
-1
-1
-1
-1
-1
-1
-1
-1
-1
-1
-1
-1
-1
-1
-1
-1
-1
-1
-1
-1
-1
-1
-1
-1
-1
-1
-1
-1
-1
-1
-1
-1
-1
-1
1977
1966
-1
-1
-1
-1
-1
-1
-1
-1
-1
-1
-1
-1
-1
-1
-1
-1
-1
-1
-1
-1
-1
-1
-1
-1
-1
-1
-1
-1
-1
-1
-1
-1
-1
-1
-1
2205
-1
-1
-1
1975
1978
-1
-1
2197
-1
1876
-1
2197
-1
1861
-1
2198
-1
-1
-1
1875
-1
-1
-1
2240
-1
1876
1875
-1
1862
2197
-1
-1
-1
2198
1861
-1
1861
-1
-1
-1
-1
-1
2204
-1
-1
1530
-1
-1
-1
2198
2199
1861
-1
-1
2197
2197
-1
1968
-1
-1
2204
2205
-1
-1
-1
-1
-1
-1
-1
-1
-1
-1
-1
-1
-1
-1
-1
-1
1965
-1
-1
-1
2203
1962
-1
2197
-1
-1
-1
1983
-1
-1
-1
1969
-1
-1
-1
1964
-1
1973
1531
1979
2197
-1
1980
2204
1966
-1
-1
2198
2198
-1
1972
-1
-1
-1
-1
-1
-1
-1
-1
1976
-1
1970
-1
-1
-1
-1
-1
-1
-1
2198
-1
-1
-1
-1
-1
-1
-1
-1
1984
-1
2198
-1
-1
-1
-1
2205
1976
-1
2198
-1
-1
-1
-1
-1
-1
-1
-1
2205
-1
1863
-1
-1
-1
-1
1977
-1
-1
-1
-1
-1
-1
-1
-1
1861
-1
1965
-1
-1
1965
-1
-1
1864
1859
-1
-1
1984
-1
-1
-1
-1
-1
1978
-1
-1
-1
-1
-1
-1
-1
-1
-1
-1
-1
-1
-1
-1
-1
-1
-1
-1
-1
-1
1968
1981
-1
-1
-1
-1
-1
-1
-1
-1
-1
-1
-1
-1
-1
-1
-1
-1
-1
-1
-1
-1
-1
-1
-1
-1
-1
-1
-1
-1
-1
-1
-1
-1
-1
-1
-1
-1
-1
-1
-1
-1
1963
-1
-1
-1
